jh5695
*   07617a2 5th change on master
|\  
| *   a57b9e9 3rd change on branch1
| |\  
| * | 5009b10 2nd change on branch1
* | |   759beda 4th change on master
|\ \ \  
| |_|/  
|/| |   
| * | ee5d4d3 1st change on branch2
* | |   dccff7f 3rd commit on master
|\ \ \  
| |/ /  
|/| /   
| |/    
| * 6bad76e 1st change on branch 1
* | 5012f79 2 change on master
|/  
* af60b0d 1 change on master


yx1201
*   671161b 5th commit on master
|\  
| *   3642d7b 3rd commit on branch1
| |\  
| * | a10c6fd 2nd commit on branch1
* | |   582ce0f 4th commit on master
|\ \ \  
| |_|/  
|/| |   
| * | 0b18c01 1st commit on branch2
* | |   e576d24 3rd commit on master
|\ \ \  
| |/ /  
|/| /   
| |/    
| * fd04b11 1st commit on branch1
* | 1b92e01 2nd commit on master
|/  
* e1bbdbc 1st commit on master
